2014-01-08 20:37:02.992 phantomjs[96969:507] *** WARNING: Method userSpaceScaleFactor in class NSView is deprecated on 10.7 and later. It should not be used in new applications. Use convertRectToBacking: instead. 
2014-01-08 20:37:02.998 phantomjs[96967:507] *** WARNING: Method userSpaceScaleFactor in class NSView is deprecated on 10.7 and later. It should not be used in new applications. Use convertRectToBacking: instead. 
2014-01-08 20:37:02.998 phantomjs[96968:507] *** WARNING: Method userSpaceScaleFactor in class NSView is deprecated on 10.7 and later. It should not be used in new applications. Use convertRectToBacking: instead. 
2014-01-08 20:37:03.000 phantomjs[96970:507] *** WARNING: Method userSpaceScaleFactor in class NSView is deprecated on 10.7 and later. It should not be used in new applications. Use convertRectToBacking: instead. 
2014-01-08 20:37:03.006 phantomjs[96971:507] *** WARNING: Method userSpaceScaleFactor in class NSView is deprecated on 10.7 and later. It should not be used in new applications. Use convertRectToBacking: instead. 
2014-01-08 20:37:03.560 phantomjs[96968:507] CoreText performance note: Client called CTFontCreateWithName() using name "Lucida Grande" and got font with PostScript name "LucidaGrande". For best performance, only use PostScript names when calling this API.
2014-01-08 20:37:03.561 phantomjs[96968:507] CoreText performance note: Set a breakpoint on CTFontLogSuboptimalRequest to debug.
2014-01-08 20:37:03.588 phantomjs[96968:507] CoreText performance note: Client called CTFontCreateWithName() using name "Lucida Grande" and got font with PostScript name "LucidaGrande". For best performance, only use PostScript names when calling this API.
2014-01-08 20:37:03.589 phantomjs[96968:507] CoreText performance note: Client called CTFontCreateWithName() using name "Lucida Grande" and got font with PostScript name "LucidaGrande". For best performance, only use PostScript names when calling this API.
2014-01-08 20:37:03.589 phantomjs[96968:507] CoreText performance note: Client called CTFontCreateWithName() using name "Lucida Grande" and got font with PostScript name "LucidaGrande". For best performance, only use PostScript names when calling this API.
2014-01-08 20:37:03.590 phantomjs[96968:507] CoreText performance note: Client called CTFontCreateWithName() using name "Lucida Grande" and got font with PostScript name "LucidaGrande". For best performance, only use PostScript names when calling this API.
2014-01-08 20:37:03.590 phantomjs[96968:507] CoreText performance note: Client called CTFontCreateWithName() using name "Lucida Grande" and got font with PostScript name "LucidaGrande". For best performance, only use PostScript names when calling this API.
2014-01-08 20:37:03.590 phantomjs[96968:507] CoreText performance note: Client called CTFontCreateWithName() using name "Lucida Grande" and got font with PostScript name "LucidaGrande". For best performance, only use PostScript names when calling this API.
2014-01-08 20:37:03.591 phantomjs[96968:507] CoreText performance note: Client called CTFontCreateWithName() using name "Lucida Grande" and got font with PostScript name "LucidaGrande". For best performance, only use PostScript names when calling this API.
2014-01-08 20:37:03.646 phantomjs[96970:507] CoreText performance note: Client called CTFontCreateWithName() using name "Lucida Grande" and got font with PostScript name "LucidaGrande". For best performance, only use PostScript names when calling this API.
2014-01-08 20:37:03.646 phantomjs[96970:507] CoreText performance note: Set a breakpoint on CTFontLogSuboptimalRequest to debug.
2014-01-08 20:37:03.717 phantomjs[96969:507] CoreText performance note: Client called CTFontCreateWithName() using name "Lucida Grande" and got font with PostScript name "LucidaGrande". For best performance, only use PostScript names when calling this API.
2014-01-08 20:37:03.717 phantomjs[96969:507] CoreText performance note: Set a breakpoint on CTFontLogSuboptimalRequest to debug.
2014-01-08 20:37:03.734 phantomjs[96969:507] CoreText performance note: Client called CTFontCreateWithName() using name "Lucida Grande" and got font with PostScript name "LucidaGrande". For best performance, only use PostScript names when calling this API.
2014-01-08 20:37:03.735 phantomjs[96969:507] CoreText performance note: Client called CTFontCreateWithName() using name "Lucida Grande" and got font with PostScript name "LucidaGrande". For best performance, only use PostScript names when calling this API.
2014-01-08 20:37:03.737 phantomjs[96969:507] CoreText performance note: Client called CTFontCreateWithName() using name "Lucida Grande" and got font with PostScript name "LucidaGrande". For best performance, only use PostScript names when calling this API.
2014-01-08 20:37:03.738 phantomjs[96969:507] CoreText performance note: Client called CTFontCreateWithName() using name "Lucida Grande" and got font with PostScript name "LucidaGrande". For best performance, only use PostScript names when calling this API.
2014-01-08 20:37:03.738 phantomjs[96969:507] CoreText performance note: Client called CTFontCreateWithName() using name "Lucida Grande" and got font with PostScript name "LucidaGrande". For best performance, only use PostScript names when calling this API.
2014-01-08 20:37:03.744 phantomjs[96969:507] CoreText performance note: Client called CTFontCreateWithName() using name "Lucida Grande" and got font with PostScript name "LucidaGrande". For best performance, only use PostScript names when calling this API.
2014-01-08 20:37:03.760 phantomjs[96967:507] CoreText performance note: Client called CTFontCreateWithName() using name "Lucida Grande" and got font with PostScript name "LucidaGrande". For best performance, only use PostScript names when calling this API.
2014-01-08 20:37:03.761 phantomjs[96967:507] CoreText performance note: Set a breakpoint on CTFontLogSuboptimalRequest to debug.
2014-01-08 20:37:03.765 phantomjs[96967:507] CoreText performance note: Client called CTFontCreateWithName() using name "Lucida Grande" and got font with PostScript name "LucidaGrande". For best performance, only use PostScript names when calling this API.
2014-01-08 20:37:03.766 phantomjs[96967:507] CoreText performance note: Client called CTFontCreateWithName() using name "Lucida Grande" and got font with PostScript name "LucidaGrande". For best performance, only use PostScript names when calling this API.
2014-01-08 20:37:03.801 phantomjs[96970:507] CoreText performance note: Client called CTFontCreateWithName() using name "Lucida Grande" and got font with PostScript name "LucidaGrande". For best performance, only use PostScript names when calling this API.
2014-01-08 20:37:03.801 phantomjs[96970:507] CoreText performance note: Client called CTFontCreateWithName() using name "Lucida Grande" and got font with PostScript name "LucidaGrande". For best performance, only use PostScript names when calling this API.
2014-01-08 20:37:03.803 phantomjs[96970:507] CoreText performance note: Client called CTFontCreateWithName() using name "Lucida Grande" and got font with PostScript name "LucidaGrande". For best performance, only use PostScript names when calling this API.
2014-01-08 20:37:03.803 phantomjs[96970:507] CoreText performance note: Client called CTFontCreateWithName() using name "Lucida Grande" and got font with PostScript name "LucidaGrande". For best performance, only use PostScript names when calling this API.
2014-01-08 20:37:03.803 phantomjs[96970:507] CoreText performance note: Client called CTFontCreateWithName() using name "Lucida Grande" and got font with PostScript name "LucidaGrande". For best performance, only use PostScript names when calling this API.
2014-01-08 20:37:03.809 phantomjs[96971:507] CoreText performance note: Client called CTFontCreateWithName() using name "Lucida Grande" and got font with PostScript name "LucidaGrande". For best performance, only use PostScript names when calling this API.
2014-01-08 20:37:03.809 phantomjs[96971:507] CoreText performance note: Set a breakpoint on CTFontLogSuboptimalRequest to debug.
2014-01-08 20:37:03.822 phantomjs[96971:507] CoreText performance note: Client called CTFontCreateWithName() using name "Lucida Grande" and got font with PostScript name "LucidaGrande". For best performance, only use PostScript names when calling this API.
2014-01-08 20:37:03.825 phantomjs[96971:507] CoreText performance note: Client called CTFontCreateWithName() using name "Lucida Grande" and got font with PostScript name "LucidaGrande". For best performance, only use PostScript names when calling this API.
2014-01-08 20:37:03.827 phantomjs[96967:507] CoreText performance note: Client called CTFontCreateWithName() using name "Lucida Grande" and got font with PostScript name "LucidaGrande". For best performance, only use PostScript names when calling this API.
2014-01-08 20:37:03.830 phantomjs[96971:507] CoreText performance note: Client called CTFontCreateWithName() using name "Lucida Grande" and got font with PostScript name "LucidaGrande". For best performance, only use PostScript names when calling this API.
2014-01-08 20:37:03.832 phantomjs[96967:507] CoreText performance note: Client called CTFontCreateWithName() using name "Lucida Grande" and got font with PostScript name "LucidaGrande". For best performance, only use PostScript names when calling this API.
2014-01-08 20:37:03.832 phantomjs[96971:507] CoreText performance note: Client called CTFontCreateWithName() using name "Lucida Grande" and got font with PostScript name "LucidaGrande". For best performance, only use PostScript names when calling this API.
2014-01-08 20:37:03.833 phantomjs[96971:507] CoreText performance note: Client called CTFontCreateWithName() using name "Lucida Grande" and got font with PostScript name "LucidaGrande". For best performance, only use PostScript names when calling this API.
2014-01-08 20:37:03.838 phantomjs[96967:507] CoreText performance note: Client called CTFontCreateWithName() using name "Lucida Grande" and got font with PostScript name "LucidaGrande". For best performance, only use PostScript names when calling this API.
2014-01-08 20:37:03.862 phantomjs[96967:507] CoreText performance note: Client called CTFontCreateWithName() using name "Lucida Grande" and got font with PostScript name "LucidaGrande". For best performance, only use PostScript names when calling this API.
2014-01-08 20:37:04.521 phantomjs[96971:507] CoreText performance note: Client called CTFontCreateWithName() using name "FreightSans Pro" and got font with PostScript name "FreightSansProSemibold-Regular". For best performance, only use PostScript names when calling this API.
2014-01-08 20:37:04.541 phantomjs[96967:507] CoreText performance note: Client called CTFontCreateWithName() using name "FreightSans Pro" and got font with PostScript name "FreightSansProSemibold-Regular". For best performance, only use PostScript names when calling this API.
2014-01-08 20:37:04.542 phantomjs[96967:507] CoreText performance note: Client called CTFontCreateWithName() using name "FreightSans Pro" and got font with PostScript name "FreightSansProSemibold-Regular". For best performance, only use PostScript names when calling this API.
2014-01-08 20:37:04.543 phantomjs[96967:507] CoreText performance note: Client called CTFontCreateWithName() using name "Lucida Grande" and got font with PostScript name "LucidaGrande". For best performance, only use PostScript names when calling this API.
2014-01-08 20:37:04.544 phantomjs[96967:507] CoreText performance note: Client called CTFontCreateWithName() using name "FreightSans Pro" and got font with PostScript name "FreightSansProSemibold-Regular". For best performance, only use PostScript names when calling this API.
2014-01-08 20:37:05.154 phantomjs[96971:507] CoreText performance note: Client called CTFontCreateWithName() using name "FreightSans Pro Book" and got font with PostScript name "FreightSansProBook-Regular". For best performance, only use PostScript names when calling this API.
2014-01-08 20:37:05.155 phantomjs[96971:507] CoreText performance note: Client called CTFontCreateWithName() using name "FreightSans Pro" and got font with PostScript name "FreightSansProSemibold-Regular". For best performance, only use PostScript names when calling this API.
2014-01-08 20:37:05.156 phantomjs[96971:507] CoreText performance note: Client called CTFontCreateWithName() using name "Lucida Grande" and got font with PostScript name "LucidaGrande". For best performance, only use PostScript names when calling this API.
2014-01-08 20:37:05.156 phantomjs[96971:507] CoreText performance note: Client called CTFontCreateWithName() using name "Lucida Grande" and got font with PostScript name "LucidaGrande". For best performance, only use PostScript names when calling this API.
2014-01-08 20:37:05.178 phantomjs[96967:507] CoreText performance note: Client called CTFontCreateWithName() using name "FreightSans Pro Book" and got font with PostScript name "FreightSansProBook-Regular". For best performance, only use PostScript names when calling this API.
2014-01-08 20:37:05.180 phantomjs[96967:507] CoreText performance note: Client called CTFontCreateWithName() using name "Lucida Grande" and got font with PostScript name "LucidaGrande". For best performance, only use PostScript names when calling this API.
2014-01-08 20:37:05.180 phantomjs[96967:507] CoreText performance note: Client called CTFontCreateWithName() using name "FreightSans Pro" and got font with PostScript name "FreightSansProSemibold-Regular". For best performance, only use PostScript names when calling this API.
2014-01-08 20:37:05.181 phantomjs[96967:507] CoreText performance note: Client called CTFontCreateWithName() using name "Lucida Grande" and got font with PostScript name "LucidaGrande". For best performance, only use PostScript names when calling this API.
2014-01-08 20:37:07.294 phantomjs[97079:507] *** WARNING: Method userSpaceScaleFactor in class NSView is deprecated on 10.7 and later. It should not be used in new applications. Use convertRectToBacking: instead. 
2014-01-08 20:37:07.949 phantomjs[97079:507] CoreText performance note: Client called CTFontCreateWithName() using name "Lucida Grande" and got font with PostScript name "LucidaGrande". For best performance, only use PostScript names when calling this API.
2014-01-08 20:37:07.949 phantomjs[97079:507] CoreText performance note: Set a breakpoint on CTFontLogSuboptimalRequest to debug.
2014-01-08 20:37:07.972 phantomjs[97079:507] CoreText performance note: Client called CTFontCreateWithName() using name "Lucida Grande" and got font with PostScript name "LucidaGrande". For best performance, only use PostScript names when calling this API.
2014-01-08 20:37:07.974 phantomjs[97079:507] CoreText performance note: Client called CTFontCreateWithName() using name "Lucida Grande" and got font with PostScript name "LucidaGrande". For best performance, only use PostScript names when calling this API.
2014-01-08 20:37:07.974 phantomjs[97079:507] CoreText performance note: Client called CTFontCreateWithName() using name "Lucida Grande" and got font with PostScript name "LucidaGrande". For best performance, only use PostScript names when calling this API.
2014-01-08 20:37:07.975 phantomjs[97079:507] CoreText performance note: Client called CTFontCreateWithName() using name "Lucida Grande" and got font with PostScript name "LucidaGrande". For best performance, only use PostScript names when calling this API.
2014-01-08 20:37:07.975 phantomjs[97079:507] CoreText performance note: Client called CTFontCreateWithName() using name "Lucida Grande" and got font with PostScript name "LucidaGrande". For best performance, only use PostScript names when calling this API.
2014-01-08 20:37:07.983 phantomjs[97079:507] CoreText performance note: Client called CTFontCreateWithName() using name "Lucida Grande" and got font with PostScript name "LucidaGrande". For best performance, only use PostScript names when calling this API.
2014-01-08 20:37:09.626 phantomjs[97105:507] *** WARNING: Method userSpaceScaleFactor in class NSView is deprecated on 10.7 and later. It should not be used in new applications. Use convertRectToBacking: instead. 
2014-01-08 20:37:10.359 phantomjs[97105:507] CoreText performance note: Client called CTFontCreateWithName() using name "Lucida Grande" and got font with PostScript name "LucidaGrande". For best performance, only use PostScript names when calling this API.
2014-01-08 20:37:10.359 phantomjs[97105:507] CoreText performance note: Set a breakpoint on CTFontLogSuboptimalRequest to debug.
2014-01-08 20:37:10.434 phantomjs[97105:507] CoreText performance note: Client called CTFontCreateWithName() using name "Lucida Grande" and got font with PostScript name "LucidaGrande". For best performance, only use PostScript names when calling this API.
2014-01-08 20:37:10.436 phantomjs[97105:507] CoreText performance note: Client called CTFontCreateWithName() using name "Lucida Grande" and got font with PostScript name "LucidaGrande". For best performance, only use PostScript names when calling this API.
2014-01-08 20:37:10.439 phantomjs[97105:507] CoreText performance note: Client called CTFontCreateWithName() using name "Lucida Grande" and got font with PostScript name "LucidaGrande". For best performance, only use PostScript names when calling this API.
2014-01-08 20:37:13.858 phantomjs[97131:507] *** WARNING: Method userSpaceScaleFactor in class NSView is deprecated on 10.7 and later. It should not be used in new applications. Use convertRectToBacking: instead. 
2014-01-08 20:37:14.560 phantomjs[97131:507] CoreText performance note: Client called CTFontCreateWithName() using name "Lucida Grande" and got font with PostScript name "LucidaGrande". For best performance, only use PostScript names when calling this API.
2014-01-08 20:37:14.560 phantomjs[97131:507] CoreText performance note: Set a breakpoint on CTFontLogSuboptimalRequest to debug.
2014-01-08 20:37:14.570 phantomjs[97131:507] CoreText performance note: Client called CTFontCreateWithName() using name "Lucida Grande" and got font with PostScript name "LucidaGrande". For best performance, only use PostScript names when calling this API.
2014-01-08 20:37:14.572 phantomjs[97131:507] CoreText performance note: Client called CTFontCreateWithName() using name "Lucida Grande" and got font with PostScript name "LucidaGrande". For best performance, only use PostScript names when calling this API.
2014-01-08 20:37:14.572 phantomjs[97131:507] CoreText performance note: Client called CTFontCreateWithName() using name "Lucida Grande" and got font with PostScript name "LucidaGrande". For best performance, only use PostScript names when calling this API.
2014-01-08 20:37:14.572 phantomjs[97131:507] CoreText performance note: Client called CTFontCreateWithName() using name "Lucida Grande" and got font with PostScript name "LucidaGrande". For best performance, only use PostScript names when calling this API.
2014-01-08 20:37:16.266 phantomjs[97157:507] *** WARNING: Method userSpaceScaleFactor in class NSView is deprecated on 10.7 and later. It should not be used in new applications. Use convertRectToBacking: instead. 
2014-01-08 20:37:16.856 phantomjs[97157:507] CoreText performance note: Client called CTFontCreateWithName() using name "Lucida Grande" and got font with PostScript name "LucidaGrande". For best performance, only use PostScript names when calling this API.
2014-01-08 20:37:16.857 phantomjs[97157:507] CoreText performance note: Set a breakpoint on CTFontLogSuboptimalRequest to debug.
2014-01-08 20:37:16.918 phantomjs[97157:507] CoreText performance note: Client called CTFontCreateWithName() using name "Lucida Grande" and got font with PostScript name "LucidaGrande". For best performance, only use PostScript names when calling this API.
2014-01-08 20:37:16.920 phantomjs[97157:507] CoreText performance note: Client called CTFontCreateWithName() using name "Lucida Grande" and got font with PostScript name "LucidaGrande". For best performance, only use PostScript names when calling this API.
2014-01-08 20:37:16.924 phantomjs[97157:507] CoreText performance note: Client called CTFontCreateWithName() using name "Lucida Grande" and got font with PostScript name "LucidaGrande". For best performance, only use PostScript names when calling this API.
2014-01-08 20:37:16.924 phantomjs[97157:507] CoreText performance note: Client called CTFontCreateWithName() using name "Lucida Grande" and got font with PostScript name "LucidaGrande". For best performance, only use PostScript names when calling this API.
2014-01-08 20:37:16.925 phantomjs[97157:507] CoreText performance note: Client called CTFontCreateWithName() using name "Lucida Grande" and got font with PostScript name "LucidaGrande". For best performance, only use PostScript names when calling this API.
2014-01-08 20:37:19.071 phantomjs[97183:507] *** WARNING: Method userSpaceScaleFactor in class NSView is deprecated on 10.7 and later. It should not be used in new applications. Use convertRectToBacking: instead. 
2014-01-08 20:37:19.718 phantomjs[97183:507] CoreText performance note: Client called CTFontCreateWithName() using name "Lucida Grande" and got font with PostScript name "LucidaGrande". For best performance, only use PostScript names when calling this API.
2014-01-08 20:37:19.718 phantomjs[97183:507] CoreText performance note: Set a breakpoint on CTFontLogSuboptimalRequest to debug.
2014-01-08 20:37:19.857 phantomjs[97183:507] CoreText performance note: Client called CTFontCreateWithName() using name "Lucida Grande" and got font with PostScript name "LucidaGrande". For best performance, only use PostScript names when calling this API.
2014-01-08 20:37:19.859 phantomjs[97183:507] CoreText performance note: Client called CTFontCreateWithName() using name "Lucida Grande" and got font with PostScript name "LucidaGrande". For best performance, only use PostScript names when calling this API.
2014-01-08 20:37:19.861 phantomjs[97183:507] CoreText performance note: Client called CTFontCreateWithName() using name "Lucida Grande" and got font with PostScript name "LucidaGrande". For best performance, only use PostScript names when calling this API.
