2014-01-08 20:35:53.662 phantomjs[96324:507] *** WARNING: Method userSpaceScaleFactor in class NSView is deprecated on 10.7 and later. It should not be used in new applications. Use convertRectToBacking: instead. 
2014-01-08 20:35:53.662 phantomjs[96323:507] *** WARNING: Method userSpaceScaleFactor in class NSView is deprecated on 10.7 and later. It should not be used in new applications. Use convertRectToBacking: instead. 
2014-01-08 20:35:53.663 phantomjs[96325:507] *** WARNING: Method userSpaceScaleFactor in class NSView is deprecated on 10.7 and later. It should not be used in new applications. Use convertRectToBacking: instead. 
2014-01-08 20:35:53.664 phantomjs[96322:507] *** WARNING: Method userSpaceScaleFactor in class NSView is deprecated on 10.7 and later. It should not be used in new applications. Use convertRectToBacking: instead. 
2014-01-08 20:35:53.667 phantomjs[96321:507] *** WARNING: Method userSpaceScaleFactor in class NSView is deprecated on 10.7 and later. It should not be used in new applications. Use convertRectToBacking: instead. 
2014-01-08 20:35:53.855 phantomjs[96324:507] CoreText performance note: Client called CTFontCreateWithName() using name "Arial" and got font with PostScript name "ArialMT". For best performance, only use PostScript names when calling this API.
2014-01-08 20:35:53.855 phantomjs[96324:507] CoreText performance note: Set a breakpoint on CTFontLogSuboptimalRequest to debug.
2014-01-08 20:35:53.856 phantomjs[96324:507] CoreText performance note: Client called CTFontCreateWithName() using name "Arial" and got font with PostScript name "ArialMT". For best performance, only use PostScript names when calling this API.
2014-01-08 20:35:53.856 phantomjs[96324:507] CoreText performance note: Client called CTFontCreateWithName() using name "Arial" and got font with PostScript name "ArialMT". For best performance, only use PostScript names when calling this API.
2014-01-08 20:35:53.857 phantomjs[96324:507] CoreText performance note: Client called CTFontCreateWithName() using name "Arial" and got font with PostScript name "ArialMT". For best performance, only use PostScript names when calling this API.
2014-01-08 20:35:53.865 phantomjs[96324:507] CoreText performance note: Client called CTFontCreateWithName() using name "Arial" and got font with PostScript name "ArialMT". For best performance, only use PostScript names when calling this API.
2014-01-08 20:35:53.868 phantomjs[96324:507] CoreText performance note: Client called CTFontCreateWithName() using name "Arial" and got font with PostScript name "ArialMT". For best performance, only use PostScript names when calling this API.
2014-01-08 20:35:53.906 phantomjs[96325:507] CoreText performance note: Client called CTFontCreateWithName() using name "Arial" and got font with PostScript name "ArialMT". For best performance, only use PostScript names when calling this API.
2014-01-08 20:35:53.906 phantomjs[96325:507] CoreText performance note: Set a breakpoint on CTFontLogSuboptimalRequest to debug.
2014-01-08 20:35:53.910 phantomjs[96325:507] CoreText performance note: Client called CTFontCreateWithName() using name "Arial" and got font with PostScript name "ArialMT". For best performance, only use PostScript names when calling this API.
2014-01-08 20:35:53.916 phantomjs[96321:507] CoreText performance note: Client called CTFontCreateWithName() using name "Arial" and got font with PostScript name "ArialMT". For best performance, only use PostScript names when calling this API.
2014-01-08 20:35:53.916 phantomjs[96321:507] CoreText performance note: Set a breakpoint on CTFontLogSuboptimalRequest to debug.
2014-01-08 20:35:53.917 phantomjs[96325:507] CoreText performance note: Client called CTFontCreateWithName() using name "Arial" and got font with PostScript name "ArialMT". For best performance, only use PostScript names when calling this API.
2014-01-08 20:35:53.919 phantomjs[96325:507] CoreText performance note: Client called CTFontCreateWithName() using name "Arial" and got font with PostScript name "ArialMT". For best performance, only use PostScript names when calling this API.
2014-01-08 20:35:53.919 phantomjs[96325:507] CoreText performance note: Client called CTFontCreateWithName() using name "Arial" and got font with PostScript name "ArialMT". For best performance, only use PostScript names when calling this API.
2014-01-08 20:35:53.920 phantomjs[96321:507] CoreText performance note: Client called CTFontCreateWithName() using name "Arial" and got font with PostScript name "ArialMT". For best performance, only use PostScript names when calling this API.
2014-01-08 20:35:53.920 phantomjs[96325:507] CoreText performance note: Client called CTFontCreateWithName() using name "Arial" and got font with PostScript name "ArialMT". For best performance, only use PostScript names when calling this API.
2014-01-08 20:35:53.928 phantomjs[96321:507] CoreText performance note: Client called CTFontCreateWithName() using name "Arial" and got font with PostScript name "ArialMT". For best performance, only use PostScript names when calling this API.
2014-01-08 20:35:53.931 phantomjs[96321:507] CoreText performance note: Client called CTFontCreateWithName() using name "Arial" and got font with PostScript name "ArialMT". For best performance, only use PostScript names when calling this API.
2014-01-08 20:35:53.931 phantomjs[96321:507] CoreText performance note: Client called CTFontCreateWithName() using name "Arial" and got font with PostScript name "ArialMT". For best performance, only use PostScript names when calling this API.
2014-01-08 20:35:53.932 phantomjs[96321:507] CoreText performance note: Client called CTFontCreateWithName() using name "Arial" and got font with PostScript name "ArialMT". For best performance, only use PostScript names when calling this API.
2014-01-08 20:35:54.030 phantomjs[96323:507] CoreText performance note: Client called CTFontCreateWithName() using name "Arial" and got font with PostScript name "ArialMT". For best performance, only use PostScript names when calling this API.
2014-01-08 20:35:54.030 phantomjs[96323:507] CoreText performance note: Set a breakpoint on CTFontLogSuboptimalRequest to debug.
2014-01-08 20:35:54.041 phantomjs[96322:507] CoreText performance note: Client called CTFontCreateWithName() using name "Arial" and got font with PostScript name "ArialMT". For best performance, only use PostScript names when calling this API.
2014-01-08 20:35:54.041 phantomjs[96322:507] CoreText performance note: Set a breakpoint on CTFontLogSuboptimalRequest to debug.
2014-01-08 20:35:54.043 phantomjs[96322:507] CoreText performance note: Client called CTFontCreateWithName() using name "Arial" and got font with PostScript name "ArialMT". For best performance, only use PostScript names when calling this API.
2014-01-08 20:35:54.045 phantomjs[96322:507] CoreText performance note: Client called CTFontCreateWithName() using name "Arial" and got font with PostScript name "ArialMT". For best performance, only use PostScript names when calling this API.
2014-01-08 20:35:54.170 phantomjs[96323:507] CoreText performance note: Client called CTFontCreateWithName() using name "Helvetica Neue" and got font with PostScript name "HelveticaNeue". For best performance, only use PostScript names when calling this API.
2014-01-08 20:35:54.185 phantomjs[96322:507] CoreText performance note: Client called CTFontCreateWithName() using name "Arial" and got font with PostScript name "ArialMT". For best performance, only use PostScript names when calling this API.
2014-01-08 20:35:54.185 phantomjs[96322:507] CoreText performance note: Client called CTFontCreateWithName() using name "Arial" and got font with PostScript name "ArialMT". For best performance, only use PostScript names when calling this API.
2014-01-08 20:35:54.186 phantomjs[96323:507] CoreText performance note: Client called CTFontCreateWithName() using name "Helvetica Neue" and got font with PostScript name "HelveticaNeue". For best performance, only use PostScript names when calling this API.
2014-01-08 20:35:54.191 phantomjs[96323:507] CoreText performance note: Client called CTFontCreateWithName() using name "Helvetica Neue" and got font with PostScript name "HelveticaNeue". For best performance, only use PostScript names when calling this API.
2014-01-08 20:35:54.193 phantomjs[96323:507] CoreText performance note: Client called CTFontCreateWithName() using name "Helvetica Neue" and got font with PostScript name "HelveticaNeue". For best performance, only use PostScript names when calling this API.
2014-01-08 20:35:54.194 phantomjs[96323:507] CoreText performance note: Client called CTFontCreateWithName() using name "Arial" and got font with PostScript name "ArialMT". For best performance, only use PostScript names when calling this API.
2014-01-08 20:35:54.196 phantomjs[96323:507] CoreText performance note: Client called CTFontCreateWithName() using name "Arial" and got font with PostScript name "ArialMT". For best performance, only use PostScript names when calling this API.
2014-01-08 20:35:54.218 phantomjs[96323:507] CoreText performance note: Client called CTFontCreateWithName() using name "Helvetica Neue" and got font with PostScript name "HelveticaNeue". For best performance, only use PostScript names when calling this API.
2014-01-08 20:35:54.428 phantomjs[96323:507] CoreText performance note: Client called CTFontCreateWithName() using name "Times New Roman" and got font with PostScript name "TimesNewRomanPSMT". For best performance, only use PostScript names when calling this API.
2014-01-08 20:35:54.433 phantomjs[96323:507] CoreText performance note: Client called CTFontCreateWithName() using name "Helvetica Neue" and got font with PostScript name "HelveticaNeue". For best performance, only use PostScript names when calling this API.
2014-01-08 20:35:54.954 phantomjs[96323:507] CoreText performance note: Client called CTFontCreateWithName() using name "Roboto" and got font with PostScript name "Roboto-Regular". For best performance, only use PostScript names when calling this API.
2014-01-08 20:35:55.925 phantomjs[96323:507] CoreText performance note: Client called CTFontCreateWithName() using name "Roboto" and got font with PostScript name "Roboto-Regular". For best performance, only use PostScript names when calling this API.
2014-01-08 20:35:58.084 phantomjs[96431:507] *** WARNING: Method userSpaceScaleFactor in class NSView is deprecated on 10.7 and later. It should not be used in new applications. Use convertRectToBacking: instead. 
2014-01-08 20:35:58.383 phantomjs[96431:507] CoreText performance note: Client called CTFontCreateWithName() using name "Times New Roman" and got font with PostScript name "TimesNewRomanPSMT". For best performance, only use PostScript names when calling this API.
2014-01-08 20:35:58.383 phantomjs[96431:507] CoreText performance note: Set a breakpoint on CTFontLogSuboptimalRequest to debug.
2014-01-08 20:35:58.384 phantomjs[96431:507] CoreText performance note: Client called CTFontCreateWithName() using name "Times New Roman" and got font with PostScript name "TimesNewRomanPSMT". For best performance, only use PostScript names when calling this API.
2014-01-08 20:35:58.580 phantomjs[96431:507] CoreText performance note: Client called CTFontCreateWithName() using name "Arial" and got font with PostScript name "ArialMT". For best performance, only use PostScript names when calling this API.
2014-01-08 20:35:58.585 phantomjs[96431:507] CoreText performance note: Client called CTFontCreateWithName() using name "Arial" and got font with PostScript name "ArialMT". For best performance, only use PostScript names when calling this API.
2014-01-08 20:35:58.587 phantomjs[96431:507] CoreText performance note: Client called CTFontCreateWithName() using name "Arial" and got font with PostScript name "ArialMT". For best performance, only use PostScript names when calling this API.
2014-01-08 20:35:58.588 phantomjs[96431:507] CoreText performance note: Client called CTFontCreateWithName() using name "Arial" and got font with PostScript name "ArialMT". For best performance, only use PostScript names when calling this API.
2014-01-08 20:35:59.710 phantomjs[96457:507] *** WARNING: Method userSpaceScaleFactor in class NSView is deprecated on 10.7 and later. It should not be used in new applications. Use convertRectToBacking: instead. 
2014-01-08 20:35:59.914 phantomjs[96457:507] CoreText performance note: Client called CTFontCreateWithName() using name "Times New Roman" and got font with PostScript name "TimesNewRomanPSMT". For best performance, only use PostScript names when calling this API.
2014-01-08 20:35:59.915 phantomjs[96457:507] CoreText performance note: Set a breakpoint on CTFontLogSuboptimalRequest to debug.
2014-01-08 20:35:59.953 phantomjs[96457:507] CoreText performance note: Client called CTFontCreateWithName() using name "Times New Roman" and got font with PostScript name "TimesNewRomanPSMT". For best performance, only use PostScript names when calling this API.
2014-01-08 20:35:59.955 phantomjs[96457:507] CoreText performance note: Client called CTFontCreateWithName() using name "Times New Roman" and got font with PostScript name "TimesNewRomanPSMT". For best performance, only use PostScript names when calling this API.
2014-01-08 20:35:59.956 phantomjs[96457:507] CoreText performance note: Client called CTFontCreateWithName() using name "Times New Roman" and got font with PostScript name "TimesNewRomanPSMT". For best performance, only use PostScript names when calling this API.
2014-01-08 20:35:59.967 phantomjs[96457:507] CoreText performance note: Client called CTFontCreateWithName() using name "Arial" and got font with PostScript name "ArialMT". For best performance, only use PostScript names when calling this API.
2014-01-08 20:35:59.995 phantomjs[96457:507] CoreText performance note: Client called CTFontCreateWithName() using name "Arial" and got font with PostScript name "ArialMT". For best performance, only use PostScript names when calling this API.
2014-01-08 20:35:59.999 phantomjs[96457:507] CoreText performance note: Client called CTFontCreateWithName() using name "Arial" and got font with PostScript name "ArialMT". For best performance, only use PostScript names when calling this API.
2014-01-08 20:36:00.976 phantomjs[96482:507] *** WARNING: Method userSpaceScaleFactor in class NSView is deprecated on 10.7 and later. It should not be used in new applications. Use convertRectToBacking: instead. 
2014-01-08 20:36:01.150 phantomjs[96482:507] CoreText performance note: Client called CTFontCreateWithName() using name "Times New Roman" and got font with PostScript name "TimesNewRomanPSMT". For best performance, only use PostScript names when calling this API.
2014-01-08 20:36:01.150 phantomjs[96482:507] CoreText performance note: Set a breakpoint on CTFontLogSuboptimalRequest to debug.
2014-01-08 20:36:01.152 phantomjs[96482:507] CoreText performance note: Client called CTFontCreateWithName() using name "Times New Roman" and got font with PostScript name "TimesNewRomanPSMT". For best performance, only use PostScript names when calling this API.
2014-01-08 20:36:01.153 phantomjs[96482:507] CoreText performance note: Client called CTFontCreateWithName() using name "Times New Roman" and got font with PostScript name "TimesNewRomanPSMT". For best performance, only use PostScript names when calling this API.
2014-01-08 20:36:01.153 phantomjs[96482:507] CoreText performance note: Client called CTFontCreateWithName() using name "Times New Roman" and got font with PostScript name "TimesNewRomanPSMT". For best performance, only use PostScript names when calling this API.
2014-01-08 20:36:01.192 phantomjs[96482:507] CoreText performance note: Client called CTFontCreateWithName() using name "Arial" and got font with PostScript name "ArialMT". For best performance, only use PostScript names when calling this API.
2014-01-08 20:36:01.193 phantomjs[96482:507] CoreText performance note: Client called CTFontCreateWithName() using name "Arial" and got font with PostScript name "ArialMT". For best performance, only use PostScript names when calling this API.
2014-01-08 20:36:01.195 phantomjs[96482:507] CoreText performance note: Client called CTFontCreateWithName() using name "Arial" and got font with PostScript name "ArialMT". For best performance, only use PostScript names when calling this API.
2014-01-08 20:36:01.195 phantomjs[96482:507] CoreText performance note: Client called CTFontCreateWithName() using name "Arial" and got font with PostScript name "ArialMT". For best performance, only use PostScript names when calling this API.
2014-01-08 20:36:02.588 phantomjs[96508:507] *** WARNING: Method userSpaceScaleFactor in class NSView is deprecated on 10.7 and later. It should not be used in new applications. Use convertRectToBacking: instead. 
2014-01-08 20:36:02.779 phantomjs[96508:507] CoreText performance note: Client called CTFontCreateWithName() using name "Times New Roman" and got font with PostScript name "TimesNewRomanPSMT". For best performance, only use PostScript names when calling this API.
2014-01-08 20:36:02.780 phantomjs[96508:507] CoreText performance note: Set a breakpoint on CTFontLogSuboptimalRequest to debug.
2014-01-08 20:36:02.816 phantomjs[96508:507] CoreText performance note: Client called CTFontCreateWithName() using name "Times New Roman" and got font with PostScript name "TimesNewRomanPSMT". For best performance, only use PostScript names when calling this API.
2014-01-08 20:36:02.818 phantomjs[96508:507] CoreText performance note: Client called CTFontCreateWithName() using name "Times New Roman" and got font with PostScript name "TimesNewRomanPSMT". For best performance, only use PostScript names when calling this API.
2014-01-08 20:36:02.819 phantomjs[96508:507] CoreText performance note: Client called CTFontCreateWithName() using name "Times New Roman" and got font with PostScript name "TimesNewRomanPSMT". For best performance, only use PostScript names when calling this API.
2014-01-08 20:36:02.829 phantomjs[96508:507] CoreText performance note: Client called CTFontCreateWithName() using name "Arial" and got font with PostScript name "ArialMT". For best performance, only use PostScript names when calling this API.
2014-01-08 20:36:02.847 phantomjs[96508:507] CoreText performance note: Client called CTFontCreateWithName() using name "Arial" and got font with PostScript name "ArialMT". For best performance, only use PostScript names when calling this API.
2014-01-08 20:36:02.849 phantomjs[96508:507] CoreText performance note: Client called CTFontCreateWithName() using name "Arial" and got font with PostScript name "ArialMT". For best performance, only use PostScript names when calling this API.
2014-01-08 20:36:02.849 phantomjs[96508:507] CoreText performance note: Client called CTFontCreateWithName() using name "Arial" and got font with PostScript name "ArialMT". For best performance, only use PostScript names when calling this API.
2014-01-08 20:36:03.679 phantomjs[96533:507] *** WARNING: Method userSpaceScaleFactor in class NSView is deprecated on 10.7 and later. It should not be used in new applications. Use convertRectToBacking: instead. 
2014-01-08 20:36:03.958 phantomjs[96533:507] CoreText performance note: Client called CTFontCreateWithName() using name "Arial" and got font with PostScript name "ArialMT". For best performance, only use PostScript names when calling this API.
2014-01-08 20:36:03.959 phantomjs[96533:507] CoreText performance note: Set a breakpoint on CTFontLogSuboptimalRequest to debug.
2014-01-08 20:36:03.960 phantomjs[96533:507] CoreText performance note: Client called CTFontCreateWithName() using name "Arial" and got font with PostScript name "ArialMT". For best performance, only use PostScript names when calling this API.
2014-01-08 20:36:03.962 phantomjs[96533:507] CoreText performance note: Client called CTFontCreateWithName() using name "Arial" and got font with PostScript name "ArialMT". For best performance, only use PostScript names when calling this API.
2014-01-08 20:36:03.962 phantomjs[96533:507] CoreText performance note: Client called CTFontCreateWithName() using name "Arial" and got font with PostScript name "ArialMT". For best performance, only use PostScript names when calling this API.
2014-01-08 20:36:03.963 phantomjs[96533:507] CoreText performance note: Client called CTFontCreateWithName() using name "Arial" and got font with PostScript name "ArialMT". For best performance, only use PostScript names when calling this API.
2014-01-08 20:36:03.963 phantomjs[96533:507] CoreText performance note: Client called CTFontCreateWithName() using name "Arial" and got font with PostScript name "ArialMT". For best performance, only use PostScript names when calling this API.
