2014-01-08 20:46:43.154 phantomjs[98753:507] *** WARNING: Method userSpaceScaleFactor in class NSView is deprecated on 10.7 and later. It should not be used in new applications. Use convertRectToBacking: instead. 
2014-01-08 20:46:43.154 phantomjs[98756:507] *** WARNING: Method userSpaceScaleFactor in class NSView is deprecated on 10.7 and later. It should not be used in new applications. Use convertRectToBacking: instead. 
2014-01-08 20:46:43.154 phantomjs[98755:507] *** WARNING: Method userSpaceScaleFactor in class NSView is deprecated on 10.7 and later. It should not be used in new applications. Use convertRectToBacking: instead. 
2014-01-08 20:46:43.161 phantomjs[98754:507] *** WARNING: Method userSpaceScaleFactor in class NSView is deprecated on 10.7 and later. It should not be used in new applications. Use convertRectToBacking: instead. 
2014-01-08 20:46:43.161 phantomjs[98757:507] *** WARNING: Method userSpaceScaleFactor in class NSView is deprecated on 10.7 and later. It should not be used in new applications. Use convertRectToBacking: instead. 
2014-01-08 20:46:43.695 phantomjs[98756:507] CoreText performance note: Client called CTFontCreateWithName() using name "Times New Roman" and got font with PostScript name "TimesNewRomanPSMT". For best performance, only use PostScript names when calling this API.
2014-01-08 20:46:43.696 phantomjs[98756:507] CoreText performance note: Set a breakpoint on CTFontLogSuboptimalRequest to debug.
2014-01-08 20:46:43.766 phantomjs[98757:507] CoreText performance note: Client called CTFontCreateWithName() using name "Times New Roman" and got font with PostScript name "TimesNewRomanPSMT". For best performance, only use PostScript names when calling this API.
2014-01-08 20:46:43.766 phantomjs[98757:507] CoreText performance note: Set a breakpoint on CTFontLogSuboptimalRequest to debug.
2014-01-08 20:46:43.769 phantomjs[98757:507] CoreText performance note: Client called CTFontCreateWithName() using name "Times New Roman" and got font with PostScript name "TimesNewRomanPSMT". For best performance, only use PostScript names when calling this API.
2014-01-08 20:46:48.430 phantomjs[98865:507] *** WARNING: Method userSpaceScaleFactor in class NSView is deprecated on 10.7 and later. It should not be used in new applications. Use convertRectToBacking: instead. 
2014-01-08 20:46:49.251 phantomjs[98865:507] CoreText performance note: Client called CTFontCreateWithName() using name "Arial" and got font with PostScript name "ArialMT". For best performance, only use PostScript names when calling this API.
2014-01-08 20:46:49.251 phantomjs[98865:507] CoreText performance note: Set a breakpoint on CTFontLogSuboptimalRequest to debug.
2014-01-08 20:46:51.892 phantomjs[98891:507] *** WARNING: Method userSpaceScaleFactor in class NSView is deprecated on 10.7 and later. It should not be used in new applications. Use convertRectToBacking: instead. 
2014-01-08 20:46:52.802 phantomjs[98891:507] CoreText performance note: Client called CTFontCreateWithName() using name "Arial" and got font with PostScript name "ArialMT". For best performance, only use PostScript names when calling this API.
2014-01-08 20:46:52.803 phantomjs[98891:507] CoreText performance note: Set a breakpoint on CTFontLogSuboptimalRequest to debug.
2014-01-08 20:46:52.804 phantomjs[98891:507] CoreText performance note: Client called CTFontCreateWithName() using name "Arial" and got font with PostScript name "ArialMT". For best performance, only use PostScript names when calling this API.
2014-01-08 20:46:52.806 phantomjs[98891:507] CoreText performance note: Client called CTFontCreateWithName() using name "Arial" and got font with PostScript name "ArialMT". For best performance, only use PostScript names when calling this API.
2014-01-08 20:46:52.857 phantomjs[98891:507] CoreText performance note: Client called CTFontCreateWithName() using name "Times New Roman" and got font with PostScript name "TimesNewRomanPSMT". For best performance, only use PostScript names when calling this API.
2014-01-08 20:46:52.877 phantomjs[98891:507] CoreText performance note: Client called CTFontCreateWithName() using name "Avenir" and got font with PostScript name "Avenir-Book". For best performance, only use PostScript names when calling this API.
2014-01-08 20:46:52.894 phantomjs[98891:507] CoreText performance note: Client called CTFontCreateWithName() using name "Times New Roman" and got font with PostScript name "TimesNewRomanPSMT". For best performance, only use PostScript names when calling this API.
2014-01-08 20:46:52.988 phantomjs[98891:507] CoreText performance note: Client called CTFontCreateWithName() using name "Avenir" and got font with PostScript name "Avenir-Book". For best performance, only use PostScript names when calling this API.
2014-01-08 20:47:02.052 phantomjs[98918:507] *** WARNING: Method userSpaceScaleFactor in class NSView is deprecated on 10.7 and later. It should not be used in new applications. Use convertRectToBacking: instead. 
2014-01-08 20:47:05.745 phantomjs[98945:507] *** WARNING: Method userSpaceScaleFactor in class NSView is deprecated on 10.7 and later. It should not be used in new applications. Use convertRectToBacking: instead. 
2014-01-08 20:47:09.829 phantomjs[98970:507] *** WARNING: Method userSpaceScaleFactor in class NSView is deprecated on 10.7 and later. It should not be used in new applications. Use convertRectToBacking: instead. 
2014-01-08 20:47:10.297 phantomjs[98970:507] CoreText performance note: Client called CTFontCreateWithName() using name "Times New Roman" and got font with PostScript name "TimesNewRomanPSMT". For best performance, only use PostScript names when calling this API.
2014-01-08 20:47:10.298 phantomjs[98970:507] CoreText performance note: Set a breakpoint on CTFontLogSuboptimalRequest to debug.
