[2018-06-27 05:33:14] INFO: [sitespeedio] Versions OS: linux 4.9.87-linuxkit-aufs nodejs: v8.11.1 sitespeed.io: 7.1.3 browsertime: 3.1.4 coach: 2.0.4
[2018-06-27 05:33:14] INFO: [sitespeedio.plugin.browsertime] Starting chrome for analysing https://en.wikipedia.org/wiki/Main_Page 5 time(s)
[2018-06-27 05:33:14] INFO: [root] Testing url https://en.wikipedia.org/wiki/Main_Page iteration 1
[2018-06-27 05:33:27] INFO: [root] BackEndTime: 131 DomInteractiveTime: 203 DomContentLoadedTime: 203 FirstPaint: 334 PageLoadTime: 598
[2018-06-27 05:33:27] INFO: [root] VisualMetrics FirstVisualChange: 367 SpeedIndex: 369 PerceptualSpeedIndex: 371 LastVisualChange: 500
[2018-06-27 05:33:27] INFO: [root] Testing url https://en.wikipedia.org/wiki/Main_Page iteration 2
[2018-06-27 05:33:38] INFO: [root] BackEndTime: 83 DomInteractiveTime: 138 DomContentLoadedTime: 138 FirstPaint: 251 PageLoadTime: 541
[2018-06-27 05:33:38] INFO: [root] VisualMetrics FirstVisualChange: 300 SpeedIndex: 302 PerceptualSpeedIndex: 303 LastVisualChange: 400
[2018-06-27 05:33:39] INFO: [root] Testing url https://en.wikipedia.org/wiki/Main_Page iteration 3
[2018-06-27 05:33:48] INFO: [root] BackEndTime: 80 DomInteractiveTime: 152 DomContentLoadedTime: 152 FirstPaint: 290 PageLoadTime: 550
[2018-06-27 05:33:48] INFO: [root] VisualMetrics FirstVisualChange: 333 SpeedIndex: 334 PerceptualSpeedIndex: 334 LastVisualChange: 400
[2018-06-27 05:33:48] INFO: [root] Testing url https://en.wikipedia.org/wiki/Main_Page iteration 4
[2018-06-27 05:33:57] INFO: [root] BackEndTime: 84 DomInteractiveTime: 158 DomContentLoadedTime: 158 FirstPaint: 370 PageLoadTime: 577
[2018-06-27 05:33:57] INFO: [root] VisualMetrics FirstVisualChange: 400 SpeedIndex: 400 PerceptualSpeedIndex: 400 LastVisualChange: 433
[2018-06-27 05:33:57] INFO: [root] Testing url https://en.wikipedia.org/wiki/Main_Page iteration 5
[2018-06-27 05:34:06] INFO: [root] BackEndTime: 84 DomInteractiveTime: 155 DomContentLoadedTime: 155 FirstPaint: 280 PageLoadTime: 519
[2018-06-27 05:34:06] INFO: [root] VisualMetrics FirstVisualChange: 300 SpeedIndex: 300 PerceptualSpeedIndex: 300 LastVisualChange: 333
[2018-06-27 05:34:06] INFO: [root] 31 requests, 366.85 kb, backEndTime: 92ms (±8.66ms), firstPaint: 305ms (±18.80ms), firstVisualChange: 340ms (±17.41ms), DOMContentLoaded: 161ms (±9.84ms), Load: 557ms (±12.38ms), speedIndex: 341 (±17.34), visualComplete85: 340ms (±17.41ms), lastVisualChange: 413ms (±24.25ms), rumSpeedIndex: 313 (±18.93) (5 runs)
[2018-06-27 05:34:06] INFO: [sitespeedio.plugin.browsertime] Starting chrome for analysing https://en.wikipedia.org/wiki/Barack_Obama 5 time(s)
[2018-06-27 05:34:06] INFO: [root] Testing url https://en.wikipedia.org/wiki/Barack_Obama iteration 1
[2018-06-27 05:34:17] INFO: [root] BackEndTime: 81 DomInteractiveTime: 866 DomContentLoadedTime: 866 FirstPaint: 531 PageLoadTime: 1542
[2018-06-27 05:34:17] INFO: [root] VisualMetrics FirstVisualChange: 533 SpeedIndex: 571 PerceptualSpeedIndex: 577 LastVisualChange: 867
[2018-06-27 05:34:17] INFO: [root] Testing url https://en.wikipedia.org/wiki/Barack_Obama iteration 2
[2018-06-27 05:34:28] INFO: [root] BackEndTime: 82 DomInteractiveTime: 978 DomContentLoadedTime: 978 FirstPaint: 604 PageLoadTime: 1592
[2018-06-27 05:34:28] INFO: [root] VisualMetrics FirstVisualChange: 633 SpeedIndex: 665 PerceptualSpeedIndex: 668 LastVisualChange: 900
[2018-06-27 05:34:28] INFO: [root] Testing url https://en.wikipedia.org/wiki/Barack_Obama iteration 3
[2018-06-27 05:34:39] INFO: [root] BackEndTime: 84 DomInteractiveTime: 1015 DomContentLoadedTime: 1016 FirstPaint: 536 PageLoadTime: 1599
[2018-06-27 05:34:39] INFO: [root] VisualMetrics FirstVisualChange: 567 SpeedIndex: 604 PerceptualSpeedIndex: 614 LastVisualChange: 967
[2018-06-27 05:34:39] INFO: [root] Testing url https://en.wikipedia.org/wiki/Barack_Obama iteration 4
[2018-06-27 05:34:49] INFO: [root] BackEndTime: 87 DomInteractiveTime: 1314 DomContentLoadedTime: 1315 FirstPaint: 462 PageLoadTime: 1322
[2018-06-27 05:34:49] INFO: [root] VisualMetrics FirstVisualChange: 500 SpeedIndex: 548 PerceptualSpeedIndex: 580 LastVisualChange: 1267
[2018-06-27 05:34:49] INFO: [root] Testing url https://en.wikipedia.org/wiki/Barack_Obama iteration 5
[2018-06-27 05:35:00] INFO: [root] BackEndTime: 87 DomInteractiveTime: 1017 DomContentLoadedTime: 1018 FirstPaint: 636 PageLoadTime: 1657
[2018-06-27 05:35:00] INFO: [root] VisualMetrics FirstVisualChange: 667 SpeedIndex: 694 PerceptualSpeedIndex: 705 LastVisualChange: 1033
[2018-06-27 05:35:00] INFO: [root] 105 requests, 1394.71 kb, backEndTime: 84ms (±1.11ms), firstPaint: 554ms (±27.23ms), firstVisualChange: 580ms (±27.68ms), DOMContentLoaded: 1.04s (±66.57ms), Load: 1.54s (±51.91ms), speedIndex: 616 (±24.72), visualComplete85: 693ms (±30.36ms), lastVisualChange: 1.01s (±63.54ms), rumSpeedIndex: 555 (±27.84) (5 runs)
[2018-06-27 05:35:01] INFO: [sitespeedio.plugin.browsertime] Starting chrome for analysing https://en.wikipedia.org/wiki/Sweden 5 time(s)
[2018-06-27 05:35:01] INFO: [root] Testing url https://en.wikipedia.org/wiki/Sweden iteration 1
[2018-06-27 05:35:12] INFO: [root] BackEndTime: 82 DomInteractiveTime: 1111 DomContentLoadedTime: 1111 FirstPaint: 648 PageLoadTime: 1647
[2018-06-27 05:35:12] INFO: [root] VisualMetrics FirstVisualChange: 633 SpeedIndex: 692 PerceptualSpeedIndex: 727 LastVisualChange: 1767
[2018-06-27 05:35:12] INFO: [root] Testing url https://en.wikipedia.org/wiki/Sweden iteration 2
[2018-06-27 05:35:24] INFO: [root] BackEndTime: 83 DomInteractiveTime: 1021 DomContentLoadedTime: 1022 FirstPaint: 659 PageLoadTime: 1595
[2018-06-27 05:35:24] INFO: [root] VisualMetrics FirstVisualChange: 700 SpeedIndex: 727 PerceptualSpeedIndex: 759 LastVisualChange: 1767
[2018-06-27 05:35:24] INFO: [root] Testing url https://en.wikipedia.org/wiki/Sweden iteration 3
[2018-06-27 05:35:35] INFO: [root] BackEndTime: 84 DomInteractiveTime: 1048 DomContentLoadedTime: 1049 FirstPaint: 627 PageLoadTime: 1590
[2018-06-27 05:35:35] INFO: [root] VisualMetrics FirstVisualChange: 633 SpeedIndex: 672 PerceptualSpeedIndex: 710 LastVisualChange: 1733
[2018-06-27 05:35:35] INFO: [root] Testing url https://en.wikipedia.org/wiki/Sweden iteration 4
[2018-06-27 05:35:46] INFO: [root] BackEndTime: 82 DomInteractiveTime: 807 DomContentLoadedTime: 808 FirstPaint: 702 PageLoadTime: 1567
[2018-06-27 05:35:46] INFO: [root] VisualMetrics FirstVisualChange: 700 SpeedIndex: 733 PerceptualSpeedIndex: 765 LastVisualChange: 1733
[2018-06-27 05:35:47] INFO: [root] Testing url https://en.wikipedia.org/wiki/Sweden iteration 5
[2018-06-27 05:35:58] INFO: [root] BackEndTime: 83 DomInteractiveTime: 802 DomContentLoadedTime: 802 FirstPaint: 709 PageLoadTime: 1578
[2018-06-27 05:35:58] INFO: [root] VisualMetrics FirstVisualChange: 700 SpeedIndex: 733 PerceptualSpeedIndex: 766 LastVisualChange: 1733
[2018-06-27 05:35:58] INFO: [root] 145 requests, 2177.01 kb, backEndTime: 83ms (±0.33ms), firstPaint: 669ms (±14.13ms), firstVisualChange: 673ms (±14.68ms), DOMContentLoaded: 958ms (±57.49ms), Load: 1.59s (±12.33ms), speedIndex: 711 (±11.14), visualComplete85: 680ms (±11.96ms), lastVisualChange: 1.75s (±7.45ms), rumSpeedIndex: 737 (±12.98) (5 runs)
[2018-06-27 05:36:01] INFO: [sitespeedio.plugin.html] HTML stored in /sitespeed.io/sitespeed-result/en.wikipedia.org/2018-06-27-05-33-14
[2018-06-27 05:36:01] INFO: [sitespeedio] Finished analysing https://en.wikipedia.org/wiki/Main_Page
