2014-01-18 20:02:38.756 phantomjs[96719:507] *** WARNING: Method userSpaceScaleFactor in class NSView is deprecated on 10.7 and later. It should not be used in new applications. Use convertRectToBacking: instead. 
2014-01-18 20:02:38.757 phantomjs[96718:507] *** WARNING: Method userSpaceScaleFactor in class NSView is deprecated on 10.7 and later. It should not be used in new applications. Use convertRectToBacking: instead. 
2014-01-18 20:02:38.757 phantomjs[96717:507] *** WARNING: Method userSpaceScaleFactor in class NSView is deprecated on 10.7 and later. It should not be used in new applications. Use convertRectToBacking: instead. 
2014-01-18 20:02:38.758 phantomjs[96721:507] *** WARNING: Method userSpaceScaleFactor in class NSView is deprecated on 10.7 and later. It should not be used in new applications. Use convertRectToBacking: instead. 
2014-01-18 20:02:38.759 phantomjs[96720:507] *** WARNING: Method userSpaceScaleFactor in class NSView is deprecated on 10.7 and later. It should not be used in new applications. Use convertRectToBacking: instead. 
2014-01-18 20:02:39.493 phantomjs[96721:507] CoreText performance note: Client called CTFontCreateWithName() using name "Lucida Grande" and got font with PostScript name "LucidaGrande". For best performance, only use PostScript names when calling this API.
2014-01-18 20:02:39.497 phantomjs[96721:507] CoreText performance note: Set a breakpoint on CTFontLogSuboptimalRequest to debug.
2014-01-18 20:02:39.505 phantomjs[96717:507] CoreText performance note: Client called CTFontCreateWithName() using name "Lucida Grande" and got font with PostScript name "LucidaGrande". For best performance, only use PostScript names when calling this API.
2014-01-18 20:02:39.506 phantomjs[96717:507] CoreText performance note: Set a breakpoint on CTFontLogSuboptimalRequest to debug.
2014-01-18 20:02:39.511 phantomjs[96721:507] CoreText performance note: Client called CTFontCreateWithName() using name "Lucida Grande" and got font with PostScript name "LucidaGrande". For best performance, only use PostScript names when calling this API.
2014-01-18 20:02:39.514 phantomjs[96721:507] CoreText performance note: Client called CTFontCreateWithName() using name "Lucida Grande" and got font with PostScript name "LucidaGrande". For best performance, only use PostScript names when calling this API.
2014-01-18 20:02:39.516 phantomjs[96721:507] CoreText performance note: Client called CTFontCreateWithName() using name "Lucida Grande" and got font with PostScript name "LucidaGrande". For best performance, only use PostScript names when calling this API.
2014-01-18 20:02:39.519 phantomjs[96717:507] CoreText performance note: Client called CTFontCreateWithName() using name "Lucida Grande" and got font with PostScript name "LucidaGrande". For best performance, only use PostScript names when calling this API.
2014-01-18 20:02:39.522 phantomjs[96718:507] CoreText performance note: Client called CTFontCreateWithName() using name "Lucida Grande" and got font with PostScript name "LucidaGrande". For best performance, only use PostScript names when calling this API.
2014-01-18 20:02:39.523 phantomjs[96718:507] CoreText performance note: Set a breakpoint on CTFontLogSuboptimalRequest to debug.
2014-01-18 20:02:39.524 phantomjs[96717:507] CoreText performance note: Client called CTFontCreateWithName() using name "Lucida Grande" and got font with PostScript name "LucidaGrande". For best performance, only use PostScript names when calling this API.
2014-01-18 20:02:39.525 phantomjs[96717:507] CoreText performance note: Client called CTFontCreateWithName() using name "Lucida Grande" and got font with PostScript name "LucidaGrande". For best performance, only use PostScript names when calling this API.
2014-01-18 20:02:39.527 phantomjs[96717:507] CoreText performance note: Client called CTFontCreateWithName() using name "Lucida Grande" and got font with PostScript name "LucidaGrande". For best performance, only use PostScript names when calling this API.
2014-01-18 20:02:39.529 phantomjs[96718:507] CoreText performance note: Client called CTFontCreateWithName() using name "Lucida Grande" and got font with PostScript name "LucidaGrande". For best performance, only use PostScript names when calling this API.
2014-01-18 20:02:39.530 phantomjs[96718:507] CoreText performance note: Client called CTFontCreateWithName() using name "Lucida Grande" and got font with PostScript name "LucidaGrande". For best performance, only use PostScript names when calling this API.
2014-01-18 20:02:39.536 phantomjs[96720:507] CoreText performance note: Client called CTFontCreateWithName() using name "Lucida Grande" and got font with PostScript name "LucidaGrande". For best performance, only use PostScript names when calling this API.
2014-01-18 20:02:39.537 phantomjs[96720:507] CoreText performance note: Set a breakpoint on CTFontLogSuboptimalRequest to debug.
2014-01-18 20:02:39.540 phantomjs[96719:507] CoreText performance note: Client called CTFontCreateWithName() using name "Lucida Grande" and got font with PostScript name "LucidaGrande". For best performance, only use PostScript names when calling this API.
2014-01-18 20:02:39.540 phantomjs[96719:507] CoreText performance note: Set a breakpoint on CTFontLogSuboptimalRequest to debug.
2014-01-18 20:02:39.554 phantomjs[96719:507] CoreText performance note: Client called CTFontCreateWithName() using name "Lucida Grande" and got font with PostScript name "LucidaGrande". For best performance, only use PostScript names when calling this API.
2014-01-18 20:02:39.557 phantomjs[96719:507] CoreText performance note: Client called CTFontCreateWithName() using name "Lucida Grande" and got font with PostScript name "LucidaGrande". For best performance, only use PostScript names when calling this API.
2014-01-18 20:02:39.557 phantomjs[96719:507] CoreText performance note: Client called CTFontCreateWithName() using name "Lucida Grande" and got font with PostScript name "LucidaGrande". For best performance, only use PostScript names when calling this API.
2014-01-18 20:02:39.558 phantomjs[96719:507] CoreText performance note: Client called CTFontCreateWithName() using name "Lucida Grande" and got font with PostScript name "LucidaGrande". For best performance, only use PostScript names when calling this API.
2014-01-18 20:02:39.559 phantomjs[96719:507] CoreText performance note: Client called CTFontCreateWithName() using name "Lucida Grande" and got font with PostScript name "LucidaGrande". For best performance, only use PostScript names when calling this API.
2014-01-18 20:02:39.569 phantomjs[96719:507] CoreText performance note: Client called CTFontCreateWithName() using name "Lucida Grande" and got font with PostScript name "LucidaGrande". For best performance, only use PostScript names when calling this API.
2014-01-18 20:02:39.584 phantomjs[96720:507] CoreText performance note: Client called CTFontCreateWithName() using name "Lucida Grande" and got font with PostScript name "LucidaGrande". For best performance, only use PostScript names when calling this API.
2014-01-18 20:02:39.587 phantomjs[96720:507] CoreText performance note: Client called CTFontCreateWithName() using name "Lucida Grande" and got font with PostScript name "LucidaGrande". For best performance, only use PostScript names when calling this API.
2014-01-18 20:02:39.591 phantomjs[96720:507] CoreText performance note: Client called CTFontCreateWithName() using name "Lucida Grande" and got font with PostScript name "LucidaGrande". For best performance, only use PostScript names when calling this API.
2014-01-18 20:02:39.594 phantomjs[96720:507] CoreText performance note: Client called CTFontCreateWithName() using name "Lucida Grande" and got font with PostScript name "LucidaGrande". For best performance, only use PostScript names when calling this API.
2014-01-18 20:02:39.595 phantomjs[96720:507] CoreText performance note: Client called CTFontCreateWithName() using name "Lucida Grande" and got font with PostScript name "LucidaGrande". For best performance, only use PostScript names when calling this API.
2014-01-18 20:02:39.603 phantomjs[96718:507] CoreText performance note: Client called CTFontCreateWithName() using name "Lucida Grande" and got font with PostScript name "LucidaGrande". For best performance, only use PostScript names when calling this API.
2014-01-18 20:02:39.607 phantomjs[96718:507] CoreText performance note: Client called CTFontCreateWithName() using name "Lucida Grande" and got font with PostScript name "LucidaGrande". For best performance, only use PostScript names when calling this API.
2014-01-18 20:02:39.611 phantomjs[96718:507] CoreText performance note: Client called CTFontCreateWithName() using name "Lucida Grande" and got font with PostScript name "LucidaGrande". For best performance, only use PostScript names when calling this API.
2014-01-18 20:02:39.636 phantomjs[96718:507] CoreText performance note: Client called CTFontCreateWithName() using name "Lucida Grande" and got font with PostScript name "LucidaGrande". For best performance, only use PostScript names when calling this API.
2014-01-18 20:02:40.387 phantomjs[96720:507] CoreText performance note: Client called CTFontCreateWithName() using name "FreightSans Pro" and got font with PostScript name "FreightSansProSemibold-Regular". For best performance, only use PostScript names when calling this API.
2014-01-18 20:02:40.392 phantomjs[96718:507] CoreText performance note: Client called CTFontCreateWithName() using name "FreightSans Pro" and got font with PostScript name "FreightSansProSemibold-Regular". For best performance, only use PostScript names when calling this API.
2014-01-18 20:02:40.394 phantomjs[96718:507] CoreText performance note: Client called CTFontCreateWithName() using name "FreightSans Pro" and got font with PostScript name "FreightSansProSemibold-Regular". For best performance, only use PostScript names when calling this API.
2014-01-18 20:02:40.394 phantomjs[96718:507] CoreText performance note: Client called CTFontCreateWithName() using name "Lucida Grande" and got font with PostScript name "LucidaGrande". For best performance, only use PostScript names when calling this API.
2014-01-18 20:02:40.396 phantomjs[96718:507] CoreText performance note: Client called CTFontCreateWithName() using name "FreightSans Pro" and got font with PostScript name "FreightSansProSemibold-Regular". For best performance, only use PostScript names when calling this API.
2014-01-18 20:02:40.952 phantomjs[96718:507] CoreText performance note: Client called CTFontCreateWithName() using name "FreightSans Pro Book" and got font with PostScript name "FreightSansProBook-Regular". For best performance, only use PostScript names when calling this API.
2014-01-18 20:02:40.953 phantomjs[96720:507] CoreText performance note: Client called CTFontCreateWithName() using name "FreightSans Pro Book" and got font with PostScript name "FreightSansProBook-Regular". For best performance, only use PostScript names when calling this API.
2014-01-18 20:02:40.954 phantomjs[96720:507] CoreText performance note: Client called CTFontCreateWithName() using name "FreightSans Pro" and got font with PostScript name "FreightSansProSemibold-Regular". For best performance, only use PostScript names when calling this API.
2014-01-18 20:02:40.955 phantomjs[96718:507] CoreText performance note: Client called CTFontCreateWithName() using name "Lucida Grande" and got font with PostScript name "LucidaGrande". For best performance, only use PostScript names when calling this API.
2014-01-18 20:02:40.955 phantomjs[96720:507] CoreText performance note: Client called CTFontCreateWithName() using name "Lucida Grande" and got font with PostScript name "LucidaGrande". For best performance, only use PostScript names when calling this API.
2014-01-18 20:02:40.955 phantomjs[96718:507] CoreText performance note: Client called CTFontCreateWithName() using name "FreightSans Pro" and got font with PostScript name "FreightSansProSemibold-Regular". For best performance, only use PostScript names when calling this API.
2014-01-18 20:02:40.956 phantomjs[96718:507] CoreText performance note: Client called CTFontCreateWithName() using name "Lucida Grande" and got font with PostScript name "LucidaGrande". For best performance, only use PostScript names when calling this API.
2014-01-18 20:02:40.956 phantomjs[96720:507] CoreText performance note: Client called CTFontCreateWithName() using name "Lucida Grande" and got font with PostScript name "LucidaGrande". For best performance, only use PostScript names when calling this API.
2014-01-18 20:02:42.871 phantomjs[96826:507] *** WARNING: Method userSpaceScaleFactor in class NSView is deprecated on 10.7 and later. It should not be used in new applications. Use convertRectToBacking: instead. 
2014-01-18 20:02:43.641 phantomjs[96826:507] CoreText performance note: Client called CTFontCreateWithName() using name "Lucida Grande" and got font with PostScript name "LucidaGrande". For best performance, only use PostScript names when calling this API.
2014-01-18 20:02:43.641 phantomjs[96826:507] CoreText performance note: Set a breakpoint on CTFontLogSuboptimalRequest to debug.
2014-01-18 20:02:43.654 phantomjs[96826:507] CoreText performance note: Client called CTFontCreateWithName() using name "Lucida Grande" and got font with PostScript name "LucidaGrande". For best performance, only use PostScript names when calling this API.
2014-01-18 20:02:43.654 phantomjs[96826:507] CoreText performance note: Client called CTFontCreateWithName() using name "Lucida Grande" and got font with PostScript name "LucidaGrande". For best performance, only use PostScript names when calling this API.
2014-01-18 20:02:43.656 phantomjs[96826:507] CoreText performance note: Client called CTFontCreateWithName() using name "Lucida Grande" and got font with PostScript name "LucidaGrande". For best performance, only use PostScript names when calling this API.
2014-01-18 20:02:43.656 phantomjs[96826:507] CoreText performance note: Client called CTFontCreateWithName() using name "Lucida Grande" and got font with PostScript name "LucidaGrande". For best performance, only use PostScript names when calling this API.
2014-01-18 20:02:43.656 phantomjs[96826:507] CoreText performance note: Client called CTFontCreateWithName() using name "Lucida Grande" and got font with PostScript name "LucidaGrande". For best performance, only use PostScript names when calling this API.
2014-01-18 20:02:43.660 phantomjs[96826:507] CoreText performance note: Client called CTFontCreateWithName() using name "Lucida Grande" and got font with PostScript name "LucidaGrande". For best performance, only use PostScript names when calling this API.
2014-01-18 20:02:46.342 phantomjs[96850:507] *** WARNING: Method userSpaceScaleFactor in class NSView is deprecated on 10.7 and later. It should not be used in new applications. Use convertRectToBacking: instead. 
2014-01-18 20:02:47.371 phantomjs[96850:507] CoreText performance note: Client called CTFontCreateWithName() using name "Lucida Grande" and got font with PostScript name "LucidaGrande". For best performance, only use PostScript names when calling this API.
2014-01-18 20:02:47.371 phantomjs[96850:507] CoreText performance note: Set a breakpoint on CTFontLogSuboptimalRequest to debug.
2014-01-18 20:02:47.503 phantomjs[96850:507] CoreText performance note: Client called CTFontCreateWithName() using name "Lucida Grande" and got font with PostScript name "LucidaGrande". For best performance, only use PostScript names when calling this API.
2014-01-18 20:02:47.506 phantomjs[96850:507] CoreText performance note: Client called CTFontCreateWithName() using name "Lucida Grande" and got font with PostScript name "LucidaGrande". For best performance, only use PostScript names when calling this API.
2014-01-18 20:02:47.510 phantomjs[96850:507] CoreText performance note: Client called CTFontCreateWithName() using name "Lucida Grande" and got font with PostScript name "LucidaGrande". For best performance, only use PostScript names when calling this API.
2014-01-18 20:02:50.665 phantomjs[96875:507] *** WARNING: Method userSpaceScaleFactor in class NSView is deprecated on 10.7 and later. It should not be used in new applications. Use convertRectToBacking: instead. 
2014-01-18 20:02:51.041 phantomjs[96875:507] CoreText performance note: Client called CTFontCreateWithName() using name "Lucida Grande" and got font with PostScript name "LucidaGrande". For best performance, only use PostScript names when calling this API.
2014-01-18 20:02:51.041 phantomjs[96875:507] CoreText performance note: Set a breakpoint on CTFontLogSuboptimalRequest to debug.
2014-01-18 20:02:51.059 phantomjs[96875:507] CoreText performance note: Client called CTFontCreateWithName() using name "Lucida Grande" and got font with PostScript name "LucidaGrande". For best performance, only use PostScript names when calling this API.
2014-01-18 20:02:51.060 phantomjs[96875:507] CoreText performance note: Client called CTFontCreateWithName() using name "Lucida Grande" and got font with PostScript name "LucidaGrande". For best performance, only use PostScript names when calling this API.
2014-01-18 20:02:51.061 phantomjs[96875:507] CoreText performance note: Client called CTFontCreateWithName() using name "Lucida Grande" and got font with PostScript name "LucidaGrande". For best performance, only use PostScript names when calling this API.
2014-01-18 20:02:51.061 phantomjs[96875:507] CoreText performance note: Client called CTFontCreateWithName() using name "Lucida Grande" and got font with PostScript name "LucidaGrande". For best performance, only use PostScript names when calling this API.
2014-01-18 20:02:51.061 phantomjs[96875:507] CoreText performance note: Client called CTFontCreateWithName() using name "Lucida Grande" and got font with PostScript name "LucidaGrande". For best performance, only use PostScript names when calling this API.
2014-01-18 20:02:51.061 phantomjs[96875:507] CoreText performance note: Client called CTFontCreateWithName() using name "Lucida Grande" and got font with PostScript name "LucidaGrande". For best performance, only use PostScript names when calling this API.
2014-01-18 20:02:51.062 phantomjs[96875:507] CoreText performance note: Client called CTFontCreateWithName() using name "Lucida Grande" and got font with PostScript name "LucidaGrande". For best performance, only use PostScript names when calling this API.
2014-01-18 20:02:52.632 phantomjs[96899:507] *** WARNING: Method userSpaceScaleFactor in class NSView is deprecated on 10.7 and later. It should not be used in new applications. Use convertRectToBacking: instead. 
2014-01-18 20:02:53.558 phantomjs[96899:507] CoreText performance note: Client called CTFontCreateWithName() using name "Lucida Grande" and got font with PostScript name "LucidaGrande". For best performance, only use PostScript names when calling this API.
2014-01-18 20:02:53.558 phantomjs[96899:507] CoreText performance note: Set a breakpoint on CTFontLogSuboptimalRequest to debug.
2014-01-18 20:02:53.581 phantomjs[96899:507] CoreText performance note: Client called CTFontCreateWithName() using name "Lucida Grande" and got font with PostScript name "LucidaGrande". For best performance, only use PostScript names when calling this API.
2014-01-18 20:02:53.583 phantomjs[96899:507] CoreText performance note: Client called CTFontCreateWithName() using name "Lucida Grande" and got font with PostScript name "LucidaGrande". For best performance, only use PostScript names when calling this API.
2014-01-18 20:02:56.556 phantomjs[96923:507] *** WARNING: Method userSpaceScaleFactor in class NSView is deprecated on 10.7 and later. It should not be used in new applications. Use convertRectToBacking: instead. 
2014-01-18 20:02:57.238 phantomjs[96923:507] CoreText performance note: Client called CTFontCreateWithName() using name "Lucida Grande" and got font with PostScript name "LucidaGrande". For best performance, only use PostScript names when calling this API.
2014-01-18 20:02:57.238 phantomjs[96923:507] CoreText performance note: Set a breakpoint on CTFontLogSuboptimalRequest to debug.
2014-01-18 20:02:57.248 phantomjs[96923:507] CoreText performance note: Client called CTFontCreateWithName() using name "Lucida Grande" and got font with PostScript name "LucidaGrande". For best performance, only use PostScript names when calling this API.
2014-01-18 20:02:57.249 phantomjs[96923:507] CoreText performance note: Client called CTFontCreateWithName() using name "Lucida Grande" and got font with PostScript name "LucidaGrande". For best performance, only use PostScript names when calling this API.
2014-01-18 20:02:57.253 phantomjs[96923:507] CoreText performance note: Client called CTFontCreateWithName() using name "Lucida Grande" and got font with PostScript name "LucidaGrande". For best performance, only use PostScript names when calling this API.
2014-01-18 20:02:57.254 phantomjs[96923:507] CoreText performance note: Client called CTFontCreateWithName() using name "Lucida Grande" and got font with PostScript name "LucidaGrande". For best performance, only use PostScript names when calling this API.
2014-01-18 20:02:57.255 phantomjs[96923:507] CoreText performance note: Client called CTFontCreateWithName() using name "Lucida Grande" and got font with PostScript name "LucidaGrande". For best performance, only use PostScript names when calling this API.
2014-01-18 20:02:57.747 phantomjs[96923:507] CoreText performance note: Client called CTFontCreateWithName() using name "FreightSans Pro" and got font with PostScript name "FreightSansProSemibold-Regular". For best performance, only use PostScript names when calling this API.
2014-01-18 20:02:58.221 phantomjs[96923:507] CoreText performance note: Client called CTFontCreateWithName() using name "FreightSans Pro Book" and got font with PostScript name "FreightSansProBook-Regular". For best performance, only use PostScript names when calling this API.
2014-01-18 20:02:58.223 phantomjs[96923:507] CoreText performance note: Client called CTFontCreateWithName() using name "FreightSans Pro" and got font with PostScript name "FreightSansProSemibold-Regular". For best performance, only use PostScript names when calling this API.
2014-01-18 20:02:58.223 phantomjs[96923:507] CoreText performance note: Client called CTFontCreateWithName() using name "Lucida Grande" and got font with PostScript name "LucidaGrande". For best performance, only use PostScript names when calling this API.
2014-01-18 20:02:58.224 phantomjs[96923:507] CoreText performance note: Client called CTFontCreateWithName() using name "Lucida Grande" and got font with PostScript name "LucidaGrande". For best performance, only use PostScript names when calling this API.
