2014-01-18 20:01:11.830 phantomjs[95855:507] *** WARNING: Method userSpaceScaleFactor in class NSView is deprecated on 10.7 and later. It should not be used in new applications. Use convertRectToBacking: instead. 
2014-01-18 20:01:11.831 phantomjs[95854:507] *** WARNING: Method userSpaceScaleFactor in class NSView is deprecated on 10.7 and later. It should not be used in new applications. Use convertRectToBacking: instead. 
2014-01-18 20:01:11.831 phantomjs[95856:507] *** WARNING: Method userSpaceScaleFactor in class NSView is deprecated on 10.7 and later. It should not be used in new applications. Use convertRectToBacking: instead. 
2014-01-18 20:01:11.832 phantomjs[95857:507] *** WARNING: Method userSpaceScaleFactor in class NSView is deprecated on 10.7 and later. It should not be used in new applications. Use convertRectToBacking: instead. 
2014-01-18 20:01:11.832 phantomjs[95853:507] *** WARNING: Method userSpaceScaleFactor in class NSView is deprecated on 10.7 and later. It should not be used in new applications. Use convertRectToBacking: instead. 
2014-01-18 20:01:12.283 phantomjs[95857:507] CoreText performance note: Client called CTFontCreateWithName() using name "Arial" and got font with PostScript name "ArialMT". For best performance, only use PostScript names when calling this API.
2014-01-18 20:01:12.283 phantomjs[95857:507] CoreText performance note: Set a breakpoint on CTFontLogSuboptimalRequest to debug.
2014-01-18 20:01:12.285 phantomjs[95857:507] CoreText performance note: Client called CTFontCreateWithName() using name "Arial" and got font with PostScript name "ArialMT". For best performance, only use PostScript names when calling this API.
2014-01-18 20:01:12.287 phantomjs[95857:507] CoreText performance note: Client called CTFontCreateWithName() using name "Arial" and got font with PostScript name "ArialMT". For best performance, only use PostScript names when calling this API.
2014-01-18 20:01:12.287 phantomjs[95857:507] CoreText performance note: Client called CTFontCreateWithName() using name "Arial" and got font with PostScript name "ArialMT". For best performance, only use PostScript names when calling this API.
2014-01-18 20:01:12.288 phantomjs[95857:507] CoreText performance note: Client called CTFontCreateWithName() using name "Arial" and got font with PostScript name "ArialMT". For best performance, only use PostScript names when calling this API.
2014-01-18 20:01:12.288 phantomjs[95857:507] CoreText performance note: Client called CTFontCreateWithName() using name "Arial" and got font with PostScript name "ArialMT". For best performance, only use PostScript names when calling this API.
2014-01-18 20:01:12.291 phantomjs[95853:507] CoreText performance note: Client called CTFontCreateWithName() using name "Arial" and got font with PostScript name "ArialMT". For best performance, only use PostScript names when calling this API.
2014-01-18 20:01:12.292 phantomjs[95853:507] CoreText performance note: Set a breakpoint on CTFontLogSuboptimalRequest to debug.
2014-01-18 20:01:12.309 phantomjs[95855:507] CoreText performance note: Client called CTFontCreateWithName() using name "Times New Roman" and got font with PostScript name "TimesNewRomanPSMT". For best performance, only use PostScript names when calling this API.
2014-01-18 20:01:12.309 phantomjs[95855:507] CoreText performance note: Set a breakpoint on CTFontLogSuboptimalRequest to debug.
2014-01-18 20:01:12.310 phantomjs[95856:507] CoreText performance note: Client called CTFontCreateWithName() using name "Arial" and got font with PostScript name "ArialMT". For best performance, only use PostScript names when calling this API.
2014-01-18 20:01:12.310 phantomjs[95856:507] CoreText performance note: Set a breakpoint on CTFontLogSuboptimalRequest to debug.
2014-01-18 20:01:12.311 phantomjs[95855:507] CoreText performance note: Client called CTFontCreateWithName() using name "Times New Roman" and got font with PostScript name "TimesNewRomanPSMT". For best performance, only use PostScript names when calling this API.
2014-01-18 20:01:12.312 phantomjs[95856:507] CoreText performance note: Client called CTFontCreateWithName() using name "Arial" and got font with PostScript name "ArialMT". For best performance, only use PostScript names when calling this API.
2014-01-18 20:01:12.314 phantomjs[95856:507] CoreText performance note: Client called CTFontCreateWithName() using name "Arial" and got font with PostScript name "ArialMT". For best performance, only use PostScript names when calling this API.
2014-01-18 20:01:12.314 phantomjs[95856:507] CoreText performance note: Client called CTFontCreateWithName() using name "Arial" and got font with PostScript name "ArialMT". For best performance, only use PostScript names when calling this API.
2014-01-18 20:01:12.334 phantomjs[95855:507] CoreText performance note: Client called CTFontCreateWithName() using name "Arial" and got font with PostScript name "ArialMT". For best performance, only use PostScript names when calling this API.
2014-01-18 20:01:12.341 phantomjs[95855:507] CoreText performance note: Client called CTFontCreateWithName() using name "Arial" and got font with PostScript name "ArialMT". For best performance, only use PostScript names when calling this API.
2014-01-18 20:01:12.344 phantomjs[95855:507] CoreText performance note: Client called CTFontCreateWithName() using name "Arial" and got font with PostScript name "ArialMT". For best performance, only use PostScript names when calling this API.
2014-01-18 20:01:12.348 phantomjs[95855:507] CoreText performance note: Client called CTFontCreateWithName() using name "Arial" and got font with PostScript name "ArialMT". For best performance, only use PostScript names when calling this API.
2014-01-18 20:01:12.374 phantomjs[95853:507] CoreText performance note: Client called CTFontCreateWithName() using name "Arial" and got font with PostScript name "ArialMT". For best performance, only use PostScript names when calling this API.
2014-01-18 20:01:12.378 phantomjs[95853:507] CoreText performance note: Client called CTFontCreateWithName() using name "Arial" and got font with PostScript name "ArialMT". For best performance, only use PostScript names when calling this API.
2014-01-18 20:01:12.634 phantomjs[95854:507] CoreText performance note: Client called CTFontCreateWithName() using name "Arial" and got font with PostScript name "ArialMT". For best performance, only use PostScript names when calling this API.
2014-01-18 20:01:12.634 phantomjs[95854:507] CoreText performance note: Set a breakpoint on CTFontLogSuboptimalRequest to debug.
2014-01-18 20:01:12.637 phantomjs[95854:507] CoreText performance note: Client called CTFontCreateWithName() using name "Arial" and got font with PostScript name "ArialMT". For best performance, only use PostScript names when calling this API.
2014-01-18 20:01:12.643 phantomjs[95854:507] CoreText performance note: Client called CTFontCreateWithName() using name "Arial" and got font with PostScript name "ArialMT". For best performance, only use PostScript names when calling this API.
2014-01-18 20:01:12.646 phantomjs[95854:507] CoreText performance note: Client called CTFontCreateWithName() using name "Arial" and got font with PostScript name "ArialMT". For best performance, only use PostScript names when calling this API.
2014-01-18 20:01:12.646 phantomjs[95854:507] CoreText performance note: Client called CTFontCreateWithName() using name "Arial" and got font with PostScript name "ArialMT". For best performance, only use PostScript names when calling this API.
2014-01-18 20:01:12.987 phantomjs[95856:507] CoreText performance note: Client called CTFontCreateWithName() using name "Times New Roman" and got font with PostScript name "TimesNewRomanPSMT". For best performance, only use PostScript names when calling this API.
2014-01-18 20:01:16.704 phantomjs[95957:507] *** WARNING: Method userSpaceScaleFactor in class NSView is deprecated on 10.7 and later. It should not be used in new applications. Use convertRectToBacking: instead. 
2014-01-18 20:01:16.967 phantomjs[95957:507] CoreText performance note: Client called CTFontCreateWithName() using name "Arial" and got font with PostScript name "ArialMT". For best performance, only use PostScript names when calling this API.
2014-01-18 20:01:16.967 phantomjs[95957:507] CoreText performance note: Set a breakpoint on CTFontLogSuboptimalRequest to debug.
2014-01-18 20:01:16.968 phantomjs[95957:507] CoreText performance note: Client called CTFontCreateWithName() using name "Arial" and got font with PostScript name "ArialMT". For best performance, only use PostScript names when calling this API.
2014-01-18 20:01:16.969 phantomjs[95957:507] CoreText performance note: Client called CTFontCreateWithName() using name "Arial" and got font with PostScript name "ArialMT". For best performance, only use PostScript names when calling this API.
2014-01-18 20:01:16.969 phantomjs[95957:507] CoreText performance note: Client called CTFontCreateWithName() using name "Arial" and got font with PostScript name "ArialMT". For best performance, only use PostScript names when calling this API.
2014-01-18 20:01:16.977 phantomjs[95957:507] CoreText performance note: Client called CTFontCreateWithName() using name "Arial" and got font with PostScript name "ArialMT". For best performance, only use PostScript names when calling this API.
2014-01-18 20:01:16.980 phantomjs[95957:507] CoreText performance note: Client called CTFontCreateWithName() using name "Arial" and got font with PostScript name "ArialMT". For best performance, only use PostScript names when calling this API.
2014-01-18 20:01:18.565 phantomjs[95981:507] *** WARNING: Method userSpaceScaleFactor in class NSView is deprecated on 10.7 and later. It should not be used in new applications. Use convertRectToBacking: instead. 
2014-01-18 20:01:19.080 phantomjs[95981:507] CoreText performance note: Client called CTFontCreateWithName() using name "Arial" and got font with PostScript name "ArialMT". For best performance, only use PostScript names when calling this API.
2014-01-18 20:01:19.080 phantomjs[95981:507] CoreText performance note: Set a breakpoint on CTFontLogSuboptimalRequest to debug.
2014-01-18 20:01:19.120 phantomjs[95981:507] CoreText performance note: Client called CTFontCreateWithName() using name "Helvetica Neue" and got font with PostScript name "HelveticaNeue". For best performance, only use PostScript names when calling this API.
2014-01-18 20:01:19.124 phantomjs[95981:507] CoreText performance note: Client called CTFontCreateWithName() using name "Helvetica Neue" and got font with PostScript name "HelveticaNeue". For best performance, only use PostScript names when calling this API.
2014-01-18 20:01:19.127 phantomjs[95981:507] CoreText performance note: Client called CTFontCreateWithName() using name "Helvetica Neue" and got font with PostScript name "HelveticaNeue". For best performance, only use PostScript names when calling this API.
2014-01-18 20:01:19.129 phantomjs[95981:507] CoreText performance note: Client called CTFontCreateWithName() using name "Helvetica Neue" and got font with PostScript name "HelveticaNeue". For best performance, only use PostScript names when calling this API.
2014-01-18 20:01:19.130 phantomjs[95981:507] CoreText performance note: Client called CTFontCreateWithName() using name "Arial" and got font with PostScript name "ArialMT". For best performance, only use PostScript names when calling this API.
2014-01-18 20:01:19.131 phantomjs[95981:507] CoreText performance note: Client called CTFontCreateWithName() using name "Arial" and got font with PostScript name "ArialMT". For best performance, only use PostScript names when calling this API.
2014-01-18 20:01:19.181 phantomjs[95981:507] CoreText performance note: Client called CTFontCreateWithName() using name "Helvetica Neue" and got font with PostScript name "HelveticaNeue". For best performance, only use PostScript names when calling this API.
2014-01-18 20:01:19.381 phantomjs[95981:507] CoreText performance note: Client called CTFontCreateWithName() using name "Helvetica Neue" and got font with PostScript name "HelveticaNeue". For best performance, only use PostScript names when calling this API.
2014-01-18 20:01:19.382 phantomjs[95981:507] CoreText performance note: Client called CTFontCreateWithName() using name "Times New Roman" and got font with PostScript name "TimesNewRomanPSMT". For best performance, only use PostScript names when calling this API.
2014-01-18 20:01:20.078 phantomjs[95981:507] CoreText performance note: Client called CTFontCreateWithName() using name "Roboto" and got font with PostScript name "Roboto-Regular". For best performance, only use PostScript names when calling this API.
2014-01-18 20:01:37.834 phantomjs[96006:507] *** WARNING: Method userSpaceScaleFactor in class NSView is deprecated on 10.7 and later. It should not be used in new applications. Use convertRectToBacking: instead. 
2014-01-18 20:01:37.971 phantomjs[96006:507] CoreText performance note: Client called CTFontCreateWithName() using name "Times New Roman" and got font with PostScript name "TimesNewRomanPSMT". For best performance, only use PostScript names when calling this API.
2014-01-18 20:01:37.971 phantomjs[96006:507] CoreText performance note: Set a breakpoint on CTFontLogSuboptimalRequest to debug.
2014-01-18 20:01:38.062 phantomjs[96006:507] CoreText performance note: Client called CTFontCreateWithName() using name "Times New Roman" and got font with PostScript name "TimesNewRomanPSMT". For best performance, only use PostScript names when calling this API.
2014-01-18 20:01:38.064 phantomjs[96006:507] CoreText performance note: Client called CTFontCreateWithName() using name "Times New Roman" and got font with PostScript name "TimesNewRomanPSMT". For best performance, only use PostScript names when calling this API.
2014-01-18 20:01:38.065 phantomjs[96006:507] CoreText performance note: Client called CTFontCreateWithName() using name "Times New Roman" and got font with PostScript name "TimesNewRomanPSMT". For best performance, only use PostScript names when calling this API.
2014-01-18 20:01:38.091 phantomjs[96006:507] CoreText performance note: Client called CTFontCreateWithName() using name "Arial" and got font with PostScript name "ArialMT". For best performance, only use PostScript names when calling this API.
2014-01-18 20:01:38.110 phantomjs[96006:507] CoreText performance note: Client called CTFontCreateWithName() using name "Arial" and got font with PostScript name "ArialMT". For best performance, only use PostScript names when calling this API.
2014-01-18 20:01:38.112 phantomjs[96006:507] CoreText performance note: Client called CTFontCreateWithName() using name "Arial" and got font with PostScript name "ArialMT". For best performance, only use PostScript names when calling this API.
2014-01-18 20:01:38.112 phantomjs[96006:507] CoreText performance note: Client called CTFontCreateWithName() using name "Arial" and got font with PostScript name "ArialMT". For best performance, only use PostScript names when calling this API.
2014-01-18 20:01:39.033 phantomjs[96032:507] *** WARNING: Method userSpaceScaleFactor in class NSView is deprecated on 10.7 and later. It should not be used in new applications. Use convertRectToBacking: instead. 
2014-01-18 20:01:40.008 phantomjs[96056:507] *** WARNING: Method userSpaceScaleFactor in class NSView is deprecated on 10.7 and later. It should not be used in new applications. Use convertRectToBacking: instead. 
2014-01-18 20:01:40.598 phantomjs[96056:507] CoreText performance note: Client called CTFontCreateWithName() using name "Arial" and got font with PostScript name "ArialMT". For best performance, only use PostScript names when calling this API.
2014-01-18 20:01:40.598 phantomjs[96056:507] CoreText performance note: Set a breakpoint on CTFontLogSuboptimalRequest to debug.
2014-01-18 20:01:40.600 phantomjs[96056:507] CoreText performance note: Client called CTFontCreateWithName() using name "Arial" and got font with PostScript name "ArialMT". For best performance, only use PostScript names when calling this API.
2014-01-18 20:01:40.601 phantomjs[96056:507] CoreText performance note: Client called CTFontCreateWithName() using name "Arial" and got font with PostScript name "ArialMT". For best performance, only use PostScript names when calling this API.
2014-01-18 20:01:40.746 phantomjs[96056:507] CoreText performance note: Client called CTFontCreateWithName() using name "Arial" and got font with PostScript name "ArialMT". For best performance, only use PostScript names when calling this API.
2014-01-18 20:01:40.747 phantomjs[96056:507] CoreText performance note: Client called CTFontCreateWithName() using name "Arial" and got font with PostScript name "ArialMT". For best performance, only use PostScript names when calling this API.
